{
  "stats": {
    "suites": 11,
    "tests": 22,
    "passes": 21,
    "pending": 0,
    "failures": 1,
    "start": "2022-05-11T20:05:30.023Z",
    "end": "2022-05-11T20:05:36.151Z",
    "duration": 6128,
    "testsRegistered": 22,
    "passPercent": 95.45454545454545,
    "pendingPercent": 0,
    "other": 0,
    "hasOther": false,
    "skipped": 0,
    "hasSkipped": false
  },
  "results": [
    {
      "uuid": "7ab6fb2c-bf5f-4b44-9a6c-a4486875e00d",
      "title": "",
      "fullFile": "cypress/integration/project.spec.js",
      "file": "cypress/integration/project.spec.js",
      "beforeHooks": [],
      "afterHooks": [],
      "tests": [],
      "suites": [
        {
          "uuid": "bb668c40-e76c-4727-89e4-ea5eddd351e4",
          "title": "1 - Adicione uma cor de fundo específica para a página",
          "fullFile": "",
          "file": "",
          "beforeHooks": [],
          "afterHooks": [],
          "tests": [
            {
              "title": "Possuir cor de fundo: rgb(253, 251, 251)",
              "fullTitle": "1 - Adicione uma cor de fundo específica para a página Possuir cor de fundo: rgb(253, 251, 251)",
              "timedOut": null,
              "duration": 153,
              "state": "passed",
              "speed": "slow",
              "pass": true,
              "fail": false,
              "pending": false,
              "context": null,
              "code": "cy.get('body').should('have.css', 'backgroundColor', 'rgb(253, 251, 251)');",
              "err": {},
              "uuid": "e0b24bd6-5f5f-4dbe-8cb1-9388f79a2aeb",
              "parentUUID": "bb668c40-e76c-4727-89e4-ea5eddd351e4",
              "isHook": false,
              "skipped": false
            }
          ],
          "suites": [],
          "passes": [
            "e0b24bd6-5f5f-4dbe-8cb1-9388f79a2aeb"
          ],
          "failures": [],
          "pending": [],
          "skipped": [],
          "duration": 153,
          "root": false,
          "rootEmpty": false,
          "_timeout": 2000
        },
        {
          "uuid": "ee3a3251-fb71-4af5-8e3e-d25304f885ad",
          "title": "2 - Adicione uma barra superior com um título",
          "fullFile": "",
          "file": "",
          "beforeHooks": [],
          "afterHooks": [],
          "tests": [
            {
              "title": "A barra deve possuir o ID \"cabecalho\"",
              "fullTitle": "2 - Adicione uma barra superior com um título A barra deve possuir o ID \"cabecalho\"",
              "timedOut": null,
              "duration": 111,
              "state": "passed",
              "speed": "slow",
              "pass": true,
              "fail": false,
              "pending": false,
              "context": null,
              "code": "(0, _ActionBase.shouldExist)('#cabecalho');",
              "err": {},
              "uuid": "c4177271-3ce9-449e-9571-29edd60dad30",
              "parentUUID": "ee3a3251-fb71-4af5-8e3e-d25304f885ad",
              "isHook": false,
              "skipped": false
            },
            {
              "title": "A barra superior deve ser fixa no topo da página, com a propriedade top tendo o valor `0`",
              "fullTitle": "2 - Adicione uma barra superior com um título A barra superior deve ser fixa no topo da página, com a propriedade top tendo o valor `0`",
              "timedOut": null,
              "duration": 96,
              "state": "passed",
              "speed": "slow",
              "pass": true,
              "fail": false,
              "pending": false,
              "context": null,
              "code": "cy.get('#cabecalho').should('have.css', 'position', 'fixed').should('have.css', 'top', '0px');",
              "err": {},
              "uuid": "24650475-1746-4d7d-ba0c-59b8f1587956",
              "parentUUID": "ee3a3251-fb71-4af5-8e3e-d25304f885ad",
              "isHook": false,
              "skipped": false
            },
            {
              "title": "O título deve estar dentro da barra e possuir o ID \"titulo\", além de ser uma tag \"h1\"",
              "fullTitle": "2 - Adicione uma barra superior com um título O título deve estar dentro da barra e possuir o ID \"titulo\", além de ser uma tag \"h1\"",
              "timedOut": null,
              "duration": 90,
              "state": "passed",
              "speed": "slow",
              "pass": true,
              "fail": false,
              "pending": false,
              "context": null,
              "code": "(0, _ActionBase.shouldExist)('#cabecalho h1#titulo');",
              "err": {},
              "uuid": "96a628e3-787f-47b2-bc29-3e0d4f731723",
              "parentUUID": "ee3a3251-fb71-4af5-8e3e-d25304f885ad",
              "isHook": false,
              "skipped": false
            }
          ],
          "suites": [],
          "passes": [
            "c4177271-3ce9-449e-9571-29edd60dad30",
            "24650475-1746-4d7d-ba0c-59b8f1587956",
            "96a628e3-787f-47b2-bc29-3e0d4f731723"
          ],
          "failures": [],
          "pending": [],
          "skipped": [],
          "duration": 297,
          "root": false,
          "rootEmpty": false,
          "_timeout": 2000
        },
        {
          "uuid": "93b488be-9123-4708-a288-96ced9a6081a",
          "title": "3 - Adicione uma foto sua à página",
          "fullFile": "",
          "file": "",
          "beforeHooks": [],
          "afterHooks": [],
          "tests": [
            {
              "title": "A foto deve ser inserida utilizando uma tag img com o ID \"minha_foto\"",
              "fullTitle": "3 - Adicione uma foto sua à página A foto deve ser inserida utilizando uma tag img com o ID \"minha_foto\"",
              "timedOut": null,
              "duration": 126,
              "state": "passed",
              "speed": "slow",
              "pass": true,
              "fail": false,
              "pending": false,
              "context": null,
              "code": "cy.get('img#minha_foto').should('have.attr', 'src');",
              "err": {},
              "uuid": "b04cf372-1715-40d7-b507-116f96af3e9c",
              "parentUUID": "93b488be-9123-4708-a288-96ced9a6081a",
              "isHook": false,
              "skipped": false
            }
          ],
          "suites": [],
          "passes": [
            "b04cf372-1715-40d7-b507-116f96af3e9c"
          ],
          "failures": [],
          "pending": [],
          "skipped": [],
          "duration": 126,
          "root": false,
          "rootEmpty": false,
          "_timeout": 2000
        },
        {
          "uuid": "c58fb6a6-6485-4b5f-bf8c-826794cc67e4",
          "title": "4 - Adicione uma lista de lições aprendidas à página",
          "fullFile": "",
          "file": "",
          "beforeHooks": [],
          "afterHooks": [],
          "tests": [
            {
              "title": "A lista deve ser numerada e possuir o ID \"licoes_aprendidas\"",
              "fullTitle": "4 - Adicione uma lista de lições aprendidas à página A lista deve ser numerada e possuir o ID \"licoes_aprendidas\"",
              "timedOut": null,
              "duration": 168,
              "state": "passed",
              "speed": "slow",
              "pass": true,
              "fail": false,
              "pending": false,
              "context": null,
              "code": "(0, _ActionBase.shouldExist)('ol#licoes_aprendidas');",
              "err": {},
              "uuid": "f4c277b3-c793-41f6-ac08-7321742e242d",
              "parentUUID": "c58fb6a6-6485-4b5f-bf8c-826794cc67e4",
              "isHook": false,
              "skipped": false
            },
            {
              "title": "A lista deve possuir 10 itens",
              "fullTitle": "4 - Adicione uma lista de lições aprendidas à página A lista deve possuir 10 itens",
              "timedOut": null,
              "duration": 122,
              "state": "passed",
              "speed": "slow",
              "pass": true,
              "fail": false,
              "pending": false,
              "context": null,
              "code": "cy.get('ol#licoes_aprendidas').find('li').should('have.length', 10);",
              "err": {},
              "uuid": "3471b787-a054-4715-8f22-ecf0ebeb8e56",
              "parentUUID": "c58fb6a6-6485-4b5f-bf8c-826794cc67e4",
              "isHook": false,
              "skipped": false
            }
          ],
          "suites": [],
          "passes": [
            "f4c277b3-c793-41f6-ac08-7321742e242d",
            "3471b787-a054-4715-8f22-ecf0ebeb8e56"
          ],
          "failures": [],
          "pending": [],
          "skipped": [],
          "duration": 290,
          "root": false,
          "rootEmpty": false,
          "_timeout": 2000
        },
        {
          "uuid": "383aad2c-ecb0-486d-9210-a92056a6fd20",
          "title": "5 - Crie uma lista de lições que ainda deseja aprender para a página",
          "fullFile": "",
          "file": "",
          "beforeHooks": [],
          "afterHooks": [],
          "tests": [
            {
              "title": "A lista não deve ser numerada e deve possuir o ID \"licoes_a_aprender\"",
              "fullTitle": "5 - Crie uma lista de lições que ainda deseja aprender para a página A lista não deve ser numerada e deve possuir o ID \"licoes_a_aprender\"",
              "timedOut": null,
              "duration": 116,
              "state": "passed",
              "speed": "slow",
              "pass": true,
              "fail": false,
              "pending": false,
              "context": null,
              "code": "(0, _ActionBase.shouldExist)('ul#licoes_a_aprender');",
              "err": {},
              "uuid": "ce9e3aa6-ee77-4605-b952-98a7e4d35547",
              "parentUUID": "383aad2c-ecb0-486d-9210-a92056a6fd20",
              "isHook": false,
              "skipped": false
            },
            {
              "title": "A lista deve possuir 10 itens",
              "fullTitle": "5 - Crie uma lista de lições que ainda deseja aprender para a página A lista deve possuir 10 itens",
              "timedOut": null,
              "duration": 126,
              "state": "passed",
              "speed": "slow",
              "pass": true,
              "fail": false,
              "pending": false,
              "context": null,
              "code": "cy.get('ul#licoes_a_aprender').find('li').should('have.length', 10);",
              "err": {},
              "uuid": "78f4b6d0-f2d1-46d5-8944-cca2048aa686",
              "parentUUID": "383aad2c-ecb0-486d-9210-a92056a6fd20",
              "isHook": false,
              "skipped": false
            }
          ],
          "suites": [],
          "passes": [
            "ce9e3aa6-ee77-4605-b952-98a7e4d35547",
            "78f4b6d0-f2d1-46d5-8944-cca2048aa686"
          ],
          "failures": [],
          "pending": [],
          "skipped": [],
          "duration": 242,
          "root": false,
          "rootEmpty": false,
          "_timeout": 2000
        },
        {
          "uuid": "facff34d-51f1-4f87-924d-14763966da1a",
          "title": "6 - Adicione um rodapé para a página",
          "fullFile": "",
          "file": "",
          "beforeHooks": [],
          "afterHooks": [],
          "tests": [
            {
              "title": "O rodapé deve possuir o ID \"rodape\"",
              "fullTitle": "6 - Adicione um rodapé para a página O rodapé deve possuir o ID \"rodape\"",
              "timedOut": null,
              "duration": 124,
              "state": "passed",
              "speed": "slow",
              "pass": true,
              "fail": false,
              "pending": false,
              "context": null,
              "code": "cy.get('footer#rodape').should('exist');",
              "err": {},
              "uuid": "4d60e63f-afd2-40b5-831e-381e12b1da55",
              "parentUUID": "facff34d-51f1-4f87-924d-14763966da1a",
              "isHook": false,
              "skipped": false
            }
          ],
          "suites": [],
          "passes": [
            "4d60e63f-afd2-40b5-831e-381e12b1da55"
          ],
          "failures": [],
          "pending": [],
          "skipped": [],
          "duration": 124,
          "root": false,
          "rootEmpty": false,
          "_timeout": 2000
        },
        {
          "uuid": "aa59ed67-e834-4924-b390-b0c9346c8bec",
          "title": "7 - Insira pelo menos um link externo na página",
          "fullFile": "",
          "file": "",
          "beforeHooks": [],
          "afterHooks": [],
          "tests": [
            {
              "title": "A configuração desse link deve ser feita para abrir em uma nova aba do navegador",
              "fullTitle": "7 - Insira pelo menos um link externo na página A configuração desse link deve ser feita para abrir em uma nova aba do navegador",
              "timedOut": null,
              "duration": 125,
              "state": "passed",
              "speed": "slow",
              "pass": true,
              "fail": false,
              "pending": false,
              "context": null,
              "code": "cy.get('a').then(function (a) {\n  var actual = Array.from(a).some(function (element) {\n    return element.target === '_blank' && element.href !== '';\n  });\n  expect(actual).to.be[\"true\"];\n});",
              "err": {},
              "uuid": "3e73f228-1668-4593-a40b-b03509d63d7e",
              "parentUUID": "aa59ed67-e834-4924-b390-b0c9346c8bec",
              "isHook": false,
              "skipped": false
            }
          ],
          "suites": [],
          "passes": [
            "3e73f228-1668-4593-a40b-b03509d63d7e"
          ],
          "failures": [],
          "pending": [],
          "skipped": [],
          "duration": 125,
          "root": false,
          "rootEmpty": false,
          "_timeout": 2000
        },
        {
          "uuid": "60d8e480-6e78-4010-be8d-86fb6b8eb3e8",
          "title": "8 - Crie um artigo sobre seu aprendizado",
          "fullFile": "",
          "file": "",
          "beforeHooks": [],
          "afterHooks": [],
          "tests": [
            {
              "title": "A `tag` `article` devem ser utilizadas",
              "fullTitle": "8 - Crie um artigo sobre seu aprendizado A `tag` `article` devem ser utilizadas",
              "timedOut": null,
              "duration": 119,
              "state": "passed",
              "speed": "slow",
              "pass": true,
              "fail": false,
              "pending": false,
              "context": null,
              "code": "(0, _ActionBase.shouldExist)('article');",
              "err": {},
              "uuid": "a2c2ea1a-b23c-4e06-9d64-9d2ad6522e4d",
              "parentUUID": "60d8e480-6e78-4010-be8d-86fb6b8eb3e8",
              "isHook": false,
              "skipped": false
            },
            {
              "title": "O artigo deve ter mais de 300 caracteres e menos de 600",
              "fullTitle": "8 - Crie um artigo sobre seu aprendizado O artigo deve ter mais de 300 caracteres e menos de 600",
              "timedOut": null,
              "duration": 121,
              "state": "passed",
              "speed": "slow",
              "pass": true,
              "fail": false,
              "pending": false,
              "context": null,
              "code": "cy.get('article').invoke('text').then(function (text) {\n  expect(text).to.have.length.of.at.most(600);\n  expect(text).to.have.length.of.at.above(300);\n});",
              "err": {},
              "uuid": "c3bab50f-b660-4373-b804-0815c1009519",
              "parentUUID": "60d8e480-6e78-4010-be8d-86fb6b8eb3e8",
              "isHook": false,
              "skipped": false
            }
          ],
          "suites": [],
          "passes": [
            "a2c2ea1a-b23c-4e06-9d64-9d2ad6522e4d",
            "c3bab50f-b660-4373-b804-0815c1009519"
          ],
          "failures": [],
          "pending": [],
          "skipped": [],
          "duration": 240,
          "root": false,
          "rootEmpty": false,
          "_timeout": 2000
        },
        {
          "uuid": "093a69ec-0bef-40f3-904d-c1601709428b",
          "title": "9 - Crie uma seção que conta uma passagem sobre seu aprendizado",
          "fullFile": "",
          "file": "",
          "beforeHooks": [],
          "afterHooks": [],
          "tests": [
            {
              "title": "A `tag` `aside` deve ser utilizada",
              "fullTitle": "9 - Crie uma seção que conta uma passagem sobre seu aprendizado A `tag` `aside` deve ser utilizada",
              "timedOut": null,
              "duration": 120,
              "state": "passed",
              "speed": "slow",
              "pass": true,
              "fail": false,
              "pending": false,
              "context": null,
              "code": "(0, _ActionBase.shouldExist)('aside');",
              "err": {},
              "uuid": "41e9baaa-fa07-46f3-a2d4-3f51d368c238",
              "parentUUID": "093a69ec-0bef-40f3-904d-c1601709428b",
              "isHook": false,
              "skipped": false
            },
            {
              "title": "A seção deve ter mais que 100 caracteres e menos que 300",
              "fullTitle": "9 - Crie uma seção que conta uma passagem sobre seu aprendizado A seção deve ter mais que 100 caracteres e menos que 300",
              "timedOut": null,
              "duration": 113,
              "state": "failed",
              "speed": null,
              "pass": false,
              "fail": true,
              "pending": false,
              "context": null,
              "code": "cy.get('aside').invoke('text').then(function (text) {\n  expect(text).to.have.length.of.at.above(100);\n  expect(text).to.have.length.of.at.most(300);\n});",
              "err": {
                "message": "AssertionError: expected '\\n          Lorem ipsum ultrices suscipit porttitor sollicitudin pulvinar habitant\\n          odio erat ultrices ac, et curabitur integer sociosqu nibh vulputate\\n          lectus fermentum viverra etiam, mauris placerat ne\\n          \\n            \\n              Titulo\\n              titulo\\n            \\n            \\n                Conteudo\\n                Conteudo\\n            \\n          \\n        ' to have a length at most 300 but got 395",
                "estack": "AssertionError: expected '\\n          Lorem ipsum ultrices suscipit porttitor sollicitudin pulvinar habitant\\n          odio erat ultrices ac, et curabitur integer sociosqu nibh vulputate\\n          lectus fermentum viverra etiam, mauris placerat ne\\n          \\n            \\n              Titulo\\n              titulo\\n            \\n            \\n                Conteudo\\n                Conteudo\\n            \\n          \\n        ' to have a length at most 300 but got 395\n    at Context.eval (http://localhost:38345/__cypress/tests?p=cypress/integration/project.spec.js:240:41)",
                "diff": "- 395\n+ 300\n"
              },
              "uuid": "7868d474-7722-47db-9ed0-5bc6090fc943",
              "parentUUID": "093a69ec-0bef-40f3-904d-c1601709428b",
              "isHook": false,
              "skipped": false
            }
          ],
          "suites": [],
          "passes": [
            "41e9baaa-fa07-46f3-a2d4-3f51d368c238"
          ],
          "failures": [
            "7868d474-7722-47db-9ed0-5bc6090fc943"
          ],
          "pending": [],
          "skipped": [],
          "duration": 233,
          "root": false,
          "rootEmpty": false,
          "_timeout": 2000
        },
        {
          "uuid": "95a1834b-d731-434c-981b-2de0aec55413",
          "title": "10 - Aplique elementos HTML de acordo com o sentido e propósito de cada um deles",
          "fullFile": "",
          "file": "",
          "beforeHooks": [],
          "afterHooks": [],
          "tests": [
            {
              "title": "Validar se a página possui um elemento \"article\"",
              "fullTitle": "10 - Aplique elementos HTML de acordo com o sentido e propósito de cada um deles Validar se a página possui um elemento \"article\"",
              "timedOut": null,
              "duration": 127,
              "state": "passed",
              "speed": "slow",
              "pass": true,
              "fail": false,
              "pending": false,
              "context": null,
              "code": "(0, _ActionBase.shouldExist)('article');",
              "err": {},
              "uuid": "21305492-d77c-454f-9d9a-fa93cc7176be",
              "parentUUID": "95a1834b-d731-434c-981b-2de0aec55413",
              "isHook": false,
              "skipped": false
            },
            {
              "title": "Validar se a página possui um elemento \"header\"",
              "fullTitle": "10 - Aplique elementos HTML de acordo com o sentido e propósito de cada um deles Validar se a página possui um elemento \"header\"",
              "timedOut": null,
              "duration": 98,
              "state": "passed",
              "speed": "slow",
              "pass": true,
              "fail": false,
              "pending": false,
              "context": null,
              "code": "(0, _ActionBase.shouldExist)('header');",
              "err": {},
              "uuid": "533652cc-9be0-4590-bf47-a1788a7e08d7",
              "parentUUID": "95a1834b-d731-434c-981b-2de0aec55413",
              "isHook": false,
              "skipped": false
            },
            {
              "title": "Validar se a página possui um elemento \"nav\"",
              "fullTitle": "10 - Aplique elementos HTML de acordo com o sentido e propósito de cada um deles Validar se a página possui um elemento \"nav\"",
              "timedOut": null,
              "duration": 101,
              "state": "passed",
              "speed": "slow",
              "pass": true,
              "fail": false,
              "pending": false,
              "context": null,
              "code": "(0, _ActionBase.shouldExist)('nav');",
              "err": {},
              "uuid": "856ddd72-b5ed-4ffd-a8a8-dbcabd26a8e8",
              "parentUUID": "95a1834b-d731-434c-981b-2de0aec55413",
              "isHook": false,
              "skipped": false
            },
            {
              "title": "Validar se a página possui um elemento \"section\"",
              "fullTitle": "10 - Aplique elementos HTML de acordo com o sentido e propósito de cada um deles Validar se a página possui um elemento \"section\"",
              "timedOut": null,
              "duration": 97,
              "state": "passed",
              "speed": "slow",
              "pass": true,
              "fail": false,
              "pending": false,
              "context": null,
              "code": "(0, _ActionBase.shouldExist)('section');",
              "err": {},
              "uuid": "eefd6430-5156-4b08-b2ac-63a004298c7f",
              "parentUUID": "95a1834b-d731-434c-981b-2de0aec55413",
              "isHook": false,
              "skipped": false
            },
            {
              "title": "Validar se a página possui um elemento \"aside\"",
              "fullTitle": "10 - Aplique elementos HTML de acordo com o sentido e propósito de cada um deles Validar se a página possui um elemento \"aside\"",
              "timedOut": null,
              "duration": 85,
              "state": "passed",
              "speed": "slow",
              "pass": true,
              "fail": false,
              "pending": false,
              "context": null,
              "code": "(0, _ActionBase.shouldExist)('aside');",
              "err": {},
              "uuid": "ef83d1b3-ce11-4f67-a965-e7d2e36386e9",
              "parentUUID": "95a1834b-d731-434c-981b-2de0aec55413",
              "isHook": false,
              "skipped": false
            },
            {
              "title": "Validar se a página possui um elemento \"footer\"",
              "fullTitle": "10 - Aplique elementos HTML de acordo com o sentido e propósito de cada um deles Validar se a página possui um elemento \"footer\"",
              "timedOut": null,
              "duration": 97,
              "state": "passed",
              "speed": "slow",
              "pass": true,
              "fail": false,
              "pending": false,
              "context": null,
              "code": "(0, _ActionBase.shouldExist)('footer');",
              "err": {},
              "uuid": "42db0233-3347-4704-a49c-9d6472c22c04",
              "parentUUID": "95a1834b-d731-434c-981b-2de0aec55413",
              "isHook": false,
              "skipped": false
            }
          ],
          "suites": [],
          "passes": [
            "21305492-d77c-454f-9d9a-fa93cc7176be",
            "533652cc-9be0-4590-bf47-a1788a7e08d7",
            "856ddd72-b5ed-4ffd-a8a8-dbcabd26a8e8",
            "eefd6430-5156-4b08-b2ac-63a004298c7f",
            "ef83d1b3-ce11-4f67-a965-e7d2e36386e9",
            "42db0233-3347-4704-a49c-9d6472c22c04"
          ],
          "failures": [],
          "pending": [],
          "skipped": [],
          "duration": 605,
          "root": false,
          "rootEmpty": false,
          "_timeout": 2000
        },
        {
          "uuid": "8f3acd52-ea2e-4bf2-98fb-b79f645d1634",
          "title": "11 - Teste a semântica da sua página está aprovada pelo site CodeSniffer",
          "fullFile": "",
          "file": "",
          "beforeHooks": [],
          "afterHooks": [],
          "tests": [
            {
              "title": "Seu site deve passar sem problemas na verificação de semântica do site CodeSniffer",
              "fullTitle": "11 - Teste a semântica da sua página está aprovada pelo site CodeSniffer Seu site deve passar sem problemas na verificação de semântica do site CodeSniffer",
              "timedOut": null,
              "duration": 1957,
              "state": "passed",
              "speed": "slow",
              "pass": true,
              "fail": false,
              "pending": false,
              "context": null,
              "code": "cy.readFile('./index.html').then(function (content) {\n  cy.visit('http://squizlabs.github.io/HTML_CodeSniffer/');\n  cy.get('#runHTMLCS').click();\n  cy.get('#source').invoke('val', content).trigger('input');\n  cy.get('#run-button').click();\n  cy.get('.result-count-errors').contains(/^0$/);\n});",
              "err": {},
              "uuid": "64e45b47-7900-4d24-b359-a1f477b02478",
              "parentUUID": "8f3acd52-ea2e-4bf2-98fb-b79f645d1634",
              "isHook": false,
              "skipped": false
            }
          ],
          "suites": [],
          "passes": [
            "64e45b47-7900-4d24-b359-a1f477b02478"
          ],
          "failures": [],
          "pending": [],
          "skipped": [],
          "duration": 1957,
          "root": false,
          "rootEmpty": false,
          "_timeout": 2000
        }
      ],
      "passes": [],
      "failures": [],
      "pending": [],
      "skipped": [],
      "duration": 0,
      "root": true,
      "rootEmpty": true,
      "_timeout": 2000
    }
  ],
  "meta": {
    "mocha": {
      "version": "7.0.1"
    },
    "mochawesome": {
      "options": {
        "quiet": false,
        "reportFilename": "mochawesome",
        "saveHtml": false,
        "saveJson": true,
        "consoleReporter": "spec",
        "useInlineDiffs": false
      },
      "version": "4.1.0"
    },
    "marge": {
      "options": {
        "id": "default",
        "reportDir": "cypress/reports",
        "overwrite": false,
        "html": false,
        "json": true
      },
      "version": "4.1.0"
    }
  }
}